[debug] [2024-10-03T20:31:53.643Z] ----------------------------------------------------------------------
[debug] [2024-10-03T20:31:53.649Z] Command:       C:\Program Files\nodejs\node.exe C:\Users\dell\AppData\Roaming\npm\node_modules\firebase-tools\lib\bin\firebase.js init
[debug] [2024-10-03T20:31:53.650Z] CLI Version:   13.20.2
[debug] [2024-10-03T20:31:53.650Z] Platform:      win32
[debug] [2024-10-03T20:31:53.651Z] Node Version:  v20.17.0
[debug] [2024-10-03T20:31:53.651Z] Time:          Fri Oct 04 2024 02:01:53 GMT+0530 (India Standard Time)
[debug] [2024-10-03T20:31:53.651Z] ----------------------------------------------------------------------
[debug] 
[debug] [2024-10-03T20:31:53.666Z] > command requires scopes: ["email","openid","https://www.googleapis.com/auth/cloudplatformprojects.readonly","https://www.googleapis.com/auth/firebase","https://www.googleapis.com/auth/cloud-platform"]
[debug] [2024-10-03T20:31:53.668Z] > authorizing via signed-in user (shaikhsohailsk54@gmail.com)
[info] 
     ######## #### ########  ######## ########     ###     ######  ########
     ##        ##  ##     ## ##       ##     ##  ##   ##  ##       ##
     ######    ##  ########  ######   ########  #########  ######  ######
     ##        ##  ##    ##  ##       ##     ## ##     ##       ## ##
     ##       #### ##     ## ######## ########  ##     ##  ######  ########

You're about to initialize a Firebase project in this directory:

  E:\investment-guidance\public

[info] 
=== Project Setup
[info] 
[info] First, let's associate this project directory with a Firebase project.
[info] You can create multiple project aliases by running firebase use --add, 
[info] but for now we'll just set up a default project.
[info] 
[debug] [2024-10-03T20:32:01.456Z] Checked if tokens are valid: false, expires at: 1687022762886
[debug] [2024-10-03T20:32:01.456Z] Checked if tokens are valid: false, expires at: 1687022762886
[debug] [2024-10-03T20:32:01.457Z] > refreshing access token with scopes: []
[debug] [2024-10-03T20:32:01.460Z] >>> [apiv2][query] POST https://www.googleapis.com/oauth2/v3/token [none]
[debug] [2024-10-03T20:32:01.460Z] >>> [apiv2][body] POST https://www.googleapis.com/oauth2/v3/token [omitted]
[debug] [2024-10-03T20:32:01.806Z] <<< [apiv2][status] POST https://www.googleapis.com/oauth2/v3/token 400
[debug] [2024-10-03T20:32:01.807Z] <<< [apiv2][body] POST https://www.googleapis.com/oauth2/v3/token [omitted]
[debug] [2024-10-03T20:32:01.808Z] >>> [apiv2][query] GET https://firebase.googleapis.com/v1beta1/projects pageSize=100
[debug] [2024-10-03T20:32:02.395Z] <<< [apiv2][status] GET https://firebase.googleapis.com/v1beta1/projects 401
[debug] [2024-10-03T20:32:02.395Z] <<< [apiv2][body] GET https://firebase.googleapis.com/v1beta1/projects [omitted]
[debug] [2024-10-03T20:32:02.396Z] Got a 401 Unauthenticated error for a call that required authentication. Refreshing tokens.
[debug] [2024-10-03T20:32:02.396Z] Checked if tokens are valid: false, expires at: 1687022762886
[debug] [2024-10-03T20:32:02.396Z] Checked if tokens are valid: false, expires at: 1687022762886
[debug] [2024-10-03T20:32:02.396Z] > refreshing access token with scopes: []
[debug] [2024-10-03T20:32:02.397Z] >>> [apiv2][query] POST https://www.googleapis.com/oauth2/v3/token [none]
[debug] [2024-10-03T20:32:02.397Z] >>> [apiv2][body] POST https://www.googleapis.com/oauth2/v3/token [omitted]
[debug] [2024-10-03T20:32:02.496Z] <<< [apiv2][status] POST https://www.googleapis.com/oauth2/v3/token 400
[debug] [2024-10-03T20:32:02.496Z] <<< [apiv2][body] POST https://www.googleapis.com/oauth2/v3/token [omitted]
[debug] [2024-10-03T20:32:02.497Z] HTTP Error: 401, Request had invalid authentication credentials. Expected OAuth 2 access token, login cookie or other valid authentication credential. See https://developers.google.com/identity/sign-in/web/devconsole-project.
[debug] [2024-10-03T20:32:02.660Z] FirebaseError: HTTP Error: 401, Request had invalid authentication credentials. Expected OAuth 2 access token, login cookie or other valid authentication credential. See https://developers.google.com/identity/sign-in/web/devconsole-project.
    at responseToError (C:\Users\dell\AppData\Roaming\npm\node_modules\firebase-tools\lib\responseToError.js:49:12)
    at RetryOperation._fn (C:\Users\dell\AppData\Roaming\npm\node_modules\firebase-tools\lib\apiv2.js:312:77)
    at process.processTicksAndRejections (node:internal/process/task_queues:95:5)
[error] 
[error] Error: Failed to list Firebase projects. See firebase-debug.log for more info.
