[debug] [2024-10-03T20:30:28.161Z] ----------------------------------------------------------------------
[debug] [2024-10-03T20:30:28.166Z] Command:       C:\Program Files\nodejs\node.exe C:\Users\dell\AppData\Roaming\npm\node_modules\firebase-tools\lib\bin\firebase.js init
[debug] [2024-10-03T20:30:28.167Z] CLI Version:   13.20.2
[debug] [2024-10-03T20:30:28.167Z] Platform:      win32
[debug] [2024-10-03T20:30:28.167Z] Node Version:  v20.17.0
[debug] [2024-10-03T20:30:28.168Z] Time:          Fri Oct 04 2024 02:00:28 GMT+0530 (India Standard Time)
[debug] [2024-10-03T20:30:28.168Z] ----------------------------------------------------------------------
[debug] 
[debug] [2024-10-03T20:30:28.185Z] > command requires scopes: ["email","openid","https://www.googleapis.com/auth/cloudplatformprojects.readonly","https://www.googleapis.com/auth/firebase","https://www.googleapis.com/auth/cloud-platform"]
[debug] [2024-10-03T20:30:28.186Z] > authorizing via signed-in user (shaikhsohailsk54@gmail.com)
[info] 
     ######## #### ########  ######## ########     ###     ######  ########
     ##        ##  ##     ## ##       ##     ##  ##   ##  ##       ##
     ######    ##  ########  ######   ########  #########  ######  ######
     ##        ##  ##    ##  ##       ##     ## ##     ##       ## ##
     ##       #### ##     ## ######## ########  ##     ##  ######  ########

You're about to initialize a Firebase project in this directory:

  E:\investment-guidance\src

[info] 
=== Project Setup
[info] 
[info] First, let's associate this project directory with a Firebase project.
[info] You can create multiple project aliases by running firebase use --add, 
[info] but for now we'll just set up a default project.
[info] 
[debug] [2024-10-03T20:30:38.558Z] Checked if tokens are valid: false, expires at: 1687022762886
[debug] [2024-10-03T20:30:38.558Z] Checked if tokens are valid: false, expires at: 1687022762886
[debug] [2024-10-03T20:30:38.559Z] > refreshing access token with scopes: []
[debug] [2024-10-03T20:30:38.563Z] >>> [apiv2][query] POST https://www.googleapis.com/oauth2/v3/token [none]
[debug] [2024-10-03T20:30:38.564Z] >>> [apiv2][body] POST https://www.googleapis.com/oauth2/v3/token [omitted]
[debug] [2024-10-03T20:30:38.840Z] <<< [apiv2][status] POST https://www.googleapis.com/oauth2/v3/token 400
[debug] [2024-10-03T20:30:38.840Z] <<< [apiv2][body] POST https://www.googleapis.com/oauth2/v3/token [omitted]
[debug] [2024-10-03T20:30:38.842Z] >>> [apiv2][query] GET https://firebase.googleapis.com/v1beta1/projects pageSize=100
[debug] [2024-10-03T20:30:39.266Z] <<< [apiv2][status] GET https://firebase.googleapis.com/v1beta1/projects 401
[debug] [2024-10-03T20:30:39.266Z] <<< [apiv2][body] GET https://firebase.googleapis.com/v1beta1/projects [omitted]
[debug] [2024-10-03T20:30:39.266Z] Got a 401 Unauthenticated error for a call that required authentication. Refreshing tokens.
[debug] [2024-10-03T20:30:39.266Z] Checked if tokens are valid: false, expires at: 1687022762886
[debug] [2024-10-03T20:30:39.266Z] Checked if tokens are valid: false, expires at: 1687022762886
[debug] [2024-10-03T20:30:39.266Z] > refreshing access token with scopes: []
[debug] [2024-10-03T20:30:39.267Z] >>> [apiv2][query] POST https://www.googleapis.com/oauth2/v3/token [none]
[debug] [2024-10-03T20:30:39.267Z] >>> [apiv2][body] POST https://www.googleapis.com/oauth2/v3/token [omitted]
[debug] [2024-10-03T20:30:39.349Z] <<< [apiv2][status] POST https://www.googleapis.com/oauth2/v3/token 400
[debug] [2024-10-03T20:30:39.349Z] <<< [apiv2][body] POST https://www.googleapis.com/oauth2/v3/token [omitted]
[debug] [2024-10-03T20:30:39.350Z] HTTP Error: 401, Request had invalid authentication credentials. Expected OAuth 2 access token, login cookie or other valid authentication credential. See https://developers.google.com/identity/sign-in/web/devconsole-project.
[debug] [2024-10-03T20:30:39.491Z] FirebaseError: HTTP Error: 401, Request had invalid authentication credentials. Expected OAuth 2 access token, login cookie or other valid authentication credential. See https://developers.google.com/identity/sign-in/web/devconsole-project.
    at responseToError (C:\Users\dell\AppData\Roaming\npm\node_modules\firebase-tools\lib\responseToError.js:49:12)
    at RetryOperation._fn (C:\Users\dell\AppData\Roaming\npm\node_modules\firebase-tools\lib\apiv2.js:312:77)
    at process.processTicksAndRejections (node:internal/process/task_queues:95:5)
[error] 
[error] Error: Failed to list Firebase projects. See firebase-debug.log for more info.
